<?xml version="1.0" encoding="UTF-8"?>
<testng-results skipped="0" failed="0" ignored="0" total="3" passed="3">
  <reporter-output>
  </reporter-output>
  <suite name="Default suite" duration-ms="6400" started-at="2021-05-25T11:03:49 IST" finished-at="2021-05-25T11:03:55 IST">
    <groups>
    </groups>
    <test name="Default test" duration-ms="6400" started-at="2021-05-25T11:03:49 IST" finished-at="2021-05-25T11:03:55 IST">
      <class name="GitHub_RestAssured_Project">
        <test-method status="PASS" signature="setUp()[pri:0, instance:GitHub_RestAssured_Project@646d64ab]" name="setUp" is-config="true" duration-ms="939" started-at="2021-05-25T11:03:49 IST" finished-at="2021-05-25T11:03:50 IST">
          <reporter-output>
          </reporter-output>
        </test-method> <!-- setUp -->
        <test-method status="PASS" signature="addKeys()[pri:1, instance:GitHub_RestAssured_Project@646d64ab]" name="addKeys" duration-ms="4260" started-at="2021-05-25T11:03:50 IST" finished-at="2021-05-25T11:03:54 IST">
          <reporter-output>
          </reporter-output>
        </test-method> <!-- addKeys -->
        <test-method status="PASS" signature="getKeys()[pri:2, instance:GitHub_RestAssured_Project@646d64ab]" name="getKeys" duration-ms="554" started-at="2021-05-25T11:03:54 IST" finished-at="2021-05-25T11:03:55 IST">
          <reporter-output>
          </reporter-output>
        </test-method> <!-- getKeys -->
        <test-method status="PASS" signature="deleteKeys()[pri:3, instance:GitHub_RestAssured_Project@646d64ab]" name="deleteKeys" duration-ms="550" started-at="2021-05-25T11:03:55 IST" finished-at="2021-05-25T11:03:55 IST">
          <reporter-output>
          </reporter-output>
        </test-method> <!-- deleteKeys -->
      </class> <!-- GitHub_RestAssured_Project -->
    </test> <!-- Default test -->
  </suite> <!-- Default suite -->
</testng-results>
